<?xml version="1.0" encoding="UTF-8"?>
<!-- Generated by org.testng.reporters.JUnitReportReporter -->
<testsuite hostname="LIN34001428" name="BaseTest.BrowserIntiate" tests="1" failures="0" timestamp="14 May 2018 15:36:49 GMT" time="0.044" errors="0">
  <testcase name="intiateBrowser" time="0.044" classname="BaseTest.BrowserIntiate"/>
</testsuite> <!-- BaseTest.BrowserIntiate -->
