<?xml version="1.0" encoding="UTF-8"?>
<!-- Generated by org.testng.reporters.JUnitReportReporter -->
<testsuite hostname="LIN34001428" name="Tests.Validate_MainPage_Sections" tests="1" failures="0" timestamp="15 May 2018 17:12:57 GMT" time="7.351" errors="0">
  <testcase name="verifySectionsInMainPageTest" time="7.351" classname="Tests.Validate_MainPage_Sections"/>
</testsuite> <!-- Tests.Validate_MainPage_Sections -->
