<?xml version="1.0" encoding="UTF-8"?>
<!-- Generated by org.testng.reporters.JUnitReportReporter -->
<testsuite hostname="LIN34001428" name="Tests.NegativeTest" tests="1" failures="0" timestamp="15 May 2018 17:12:57 GMT" time="10.910" errors="0">
  <testcase name="searchWithInValidTest" time="10.910" classname="Tests.NegativeTest"/>
</testsuite> <!-- Tests.NegativeTest -->
