<?xml version="1.0" encoding="UTF-8"?>
<!-- Generated by org.testng.reporters.JUnitReportReporter -->
<testsuite hostname="LIN34001428" name="Tests.PostiveTest" tests="1" failures="0" timestamp="15 May 2018 17:12:57 GMT" time="11.807" errors="0">
  <testcase name="searchWithValidTest" time="11.807" classname="Tests.PostiveTest"/>
</testsuite> <!-- Tests.PostiveTest -->
